{"date":"2023-03-18T11:55:21.390Z","level":"info","message":"Request received","method":"GET","service":"user-service","url":"/api-docs"}
{"date":"2023-03-18T11:55:21.465Z","level":"info","message":"Request received","method":"GET","service":"user-service","url":"/api-docs/"}
{"date":"2023-03-18T11:55:21.630Z","level":"info","message":"Request received","method":"GET","service":"user-service","url":"/api-docs/swagger-ui.css"}
{"date":"2023-03-18T11:55:21.633Z","level":"info","message":"Request received","method":"GET","service":"user-service","url":"/api-docs/swagger-ui-bundle.js"}
{"date":"2023-03-18T11:55:21.640Z","level":"info","message":"Request received","method":"GET","service":"user-service","url":"/api-docs/swagger-ui-standalone-preset.js"}
{"date":"2023-03-18T11:55:21.644Z","level":"info","message":"Request received","method":"GET","service":"user-service","url":"/api-docs/swagger-ui-init.js"}
{"date":"2023-03-18T11:55:23.331Z","level":"info","message":"Request received","method":"GET","service":"user-service","url":"/api-docs/favicon-32x32.png"}
{"date":"2023-03-18T11:56:28.283Z","level":"info","message":"Request received","method":"GET","service":"user-service","url":"/api-docs/"}
{"date":"2023-03-18T11:56:28.376Z","level":"info","message":"Request received","method":"GET","service":"user-service","url":"/api-docs/swagger-ui.css"}
{"date":"2023-03-18T11:56:28.382Z","level":"info","message":"Request received","method":"GET","service":"user-service","url":"/api-docs/swagger-ui-bundle.js"}
{"date":"2023-03-18T11:56:28.386Z","level":"info","message":"Request received","method":"GET","service":"user-service","url":"/api-docs/swagger-ui-init.js"}
{"date":"2023-03-18T11:56:28.398Z","level":"info","message":"Request received","method":"GET","service":"user-service","url":"/api-docs/swagger-ui-standalone-preset.js"}
{"date":"2023-03-18T11:56:28.964Z","level":"info","message":"Request received","method":"GET","service":"user-service","url":"/api-docs/favicon-32x32.png"}
{"date":"2023-03-18T12:02:10.800Z","level":"info","message":"Request received","method":"GET","service":"user-service","url":"/api-docs/"}
{"date":"2023-03-18T12:02:10.885Z","level":"info","message":"Request received","method":"GET","service":"user-service","url":"/api-docs/swagger-ui.css"}
{"date":"2023-03-18T12:02:10.889Z","level":"info","message":"Request received","method":"GET","service":"user-service","url":"/api-docs/swagger-ui-bundle.js"}
{"date":"2023-03-18T12:02:10.903Z","level":"info","message":"Request received","method":"GET","service":"user-service","url":"/api-docs/swagger-ui-standalone-preset.js"}
{"date":"2023-03-18T12:02:10.906Z","level":"info","message":"Request received","method":"GET","service":"user-service","url":"/api-docs/swagger-ui-init.js"}
{"date":"2023-03-18T12:02:11.324Z","level":"info","message":"Request received","method":"GET","service":"user-service","url":"/api-docs/favicon-32x32.png"}
{"date":"2023-03-18T12:04:34.661Z","level":"info","message":"Request received","method":"GET","service":"user-service","url":"/api-docs/"}
{"date":"2023-03-18T12:04:34.744Z","level":"info","message":"Request received","method":"GET","service":"user-service","url":"/api-docs/swagger-ui.css"}
{"date":"2023-03-18T12:04:34.759Z","level":"info","message":"Request received","method":"GET","service":"user-service","url":"/api-docs/swagger-ui-bundle.js"}
{"date":"2023-03-18T12:04:34.770Z","level":"info","message":"Request received","method":"GET","service":"user-service","url":"/api-docs/swagger-ui-standalone-preset.js"}
{"date":"2023-03-18T12:04:34.773Z","level":"info","message":"Request received","method":"GET","service":"user-service","url":"/api-docs/swagger-ui-init.js"}
{"date":"2023-03-18T12:04:35.172Z","level":"info","message":"Request received","method":"GET","service":"user-service","url":"/api-docs/favicon-32x32.png"}
{"date":"2023-03-18T12:04:48.524Z","level":"info","message":"Request received","method":"GET","service":"user-service","url":"/api-docs/"}
{"date":"2023-03-18T12:04:48.581Z","level":"info","message":"Request received","method":"GET","service":"user-service","url":"/api-docs/swagger-ui.css"}
{"date":"2023-03-18T12:04:48.591Z","level":"info","message":"Request received","method":"GET","service":"user-service","url":"/api-docs/swagger-ui-bundle.js"}
{"date":"2023-03-18T12:04:48.604Z","level":"info","message":"Request received","method":"GET","service":"user-service","url":"/api-docs/swagger-ui-standalone-preset.js"}
{"date":"2023-03-18T12:04:48.609Z","level":"info","message":"Request received","method":"GET","service":"user-service","url":"/api-docs/swagger-ui-init.js"}
{"date":"2023-03-18T12:04:49.064Z","level":"info","message":"Request received","method":"GET","service":"user-service","url":"/api-docs/favicon-32x32.png"}
{"date":"2023-03-18T12:05:49.706Z","level":"info","message":"Request received","method":"GET","service":"user-service","url":"/api-docs/"}
{"date":"2023-03-18T12:05:49.785Z","level":"info","message":"Request received","method":"GET","service":"user-service","url":"/api-docs/swagger-ui.css"}
{"date":"2023-03-18T12:05:49.802Z","level":"info","message":"Request received","method":"GET","service":"user-service","url":"/api-docs/swagger-ui-bundle.js"}
{"date":"2023-03-18T12:05:49.816Z","level":"info","message":"Request received","method":"GET","service":"user-service","url":"/api-docs/swagger-ui-standalone-preset.js"}
{"date":"2023-03-18T12:05:49.825Z","level":"info","message":"Request received","method":"GET","service":"user-service","url":"/api-docs/swagger-ui-init.js"}
{"date":"2023-03-18T12:05:50.213Z","level":"info","message":"Request received","method":"GET","service":"user-service","url":"/api-docs/favicon-32x32.png"}
{"date":"2023-03-18T12:07:05.429Z","level":"info","message":"Request received","method":"GET","service":"user-service","url":"/api-docs/"}
{"date":"2023-03-18T12:07:05.494Z","level":"info","message":"Request received","method":"GET","service":"user-service","url":"/api-docs/swagger-ui.css"}
{"date":"2023-03-18T12:07:05.501Z","level":"info","message":"Request received","method":"GET","service":"user-service","url":"/api-docs/swagger-ui-bundle.js"}
{"date":"2023-03-18T12:07:05.514Z","level":"info","message":"Request received","method":"GET","service":"user-service","url":"/api-docs/swagger-ui-standalone-preset.js"}
{"date":"2023-03-18T12:07:05.520Z","level":"info","message":"Request received","method":"GET","service":"user-service","url":"/api-docs/swagger-ui-init.js"}
{"date":"2023-03-18T12:07:05.974Z","level":"info","message":"Request received","method":"GET","service":"user-service","url":"/api-docs/favicon-32x32.png"}
{"date":"2023-03-18T12:09:27.137Z","level":"info","message":"Request received","method":"GET","service":"user-service","url":"/api-docs/"}
{"date":"2023-03-18T12:09:27.200Z","level":"info","message":"Request received","method":"GET","service":"user-service","url":"/api-docs/swagger-ui.css"}
{"date":"2023-03-18T12:09:27.204Z","level":"info","message":"Request received","method":"GET","service":"user-service","url":"/api-docs/swagger-ui-bundle.js"}
{"date":"2023-03-18T12:09:27.213Z","level":"info","message":"Request received","method":"GET","service":"user-service","url":"/api-docs/swagger-ui-standalone-preset.js"}
{"date":"2023-03-18T12:09:27.231Z","level":"info","message":"Request received","method":"GET","service":"user-service","url":"/api-docs/swagger-ui-init.js"}
{"date":"2023-03-18T12:09:27.598Z","level":"info","message":"Request received","method":"GET","service":"user-service","url":"/api-docs/favicon-32x32.png"}
{"date":"2023-03-18T12:10:43.626Z","level":"info","message":"Request received","method":"GET","service":"user-service","url":"/api-docs/"}
{"date":"2023-03-18T12:10:43.728Z","level":"info","message":"Request received","method":"GET","service":"user-service","url":"/api-docs/swagger-ui.css"}
{"date":"2023-03-18T12:10:43.735Z","level":"info","message":"Request received","method":"GET","service":"user-service","url":"/api-docs/swagger-ui-bundle.js"}
{"date":"2023-03-18T12:10:43.741Z","level":"info","message":"Request received","method":"GET","service":"user-service","url":"/api-docs/swagger-ui-standalone-preset.js"}
{"date":"2023-03-18T12:10:43.755Z","level":"info","message":"Request received","method":"GET","service":"user-service","url":"/api-docs/swagger-ui-init.js"}
{"date":"2023-03-18T12:10:44.968Z","level":"info","message":"Request received","method":"GET","service":"user-service","url":"/api-docs/favicon-32x32.png"}
{"date":"2023-03-18T12:11:20.372Z","level":"info","message":"Request received","method":"GET","service":"user-service","url":"/api-docs/"}
{"date":"2023-03-18T12:11:20.452Z","level":"info","message":"Request received","method":"GET","service":"user-service","url":"/api-docs/swagger-ui.css"}
{"date":"2023-03-18T12:11:20.471Z","level":"info","message":"Request received","method":"GET","service":"user-service","url":"/api-docs/swagger-ui-bundle.js"}
{"date":"2023-03-18T12:11:20.475Z","level":"info","message":"Request received","method":"GET","service":"user-service","url":"/api-docs/swagger-ui-init.js"}
{"date":"2023-03-18T12:11:20.480Z","level":"info","message":"Request received","method":"GET","service":"user-service","url":"/api-docs/swagger-ui-standalone-preset.js"}
{"date":"2023-03-18T12:11:21.001Z","level":"info","message":"Request received","method":"GET","service":"user-service","url":"/api-docs/favicon-32x32.png"}
{"date":"2023-03-18T12:12:15.984Z","level":"info","message":"Request received","method":"GET","service":"user-service","url":"/api-docs/"}
{"date":"2023-03-18T12:12:16.073Z","level":"info","message":"Request received","method":"GET","service":"user-service","url":"/api-docs/swagger-ui.css"}
{"date":"2023-03-18T12:12:16.085Z","level":"info","message":"Request received","method":"GET","service":"user-service","url":"/api-docs/swagger-ui-standalone-preset.js"}
{"date":"2023-03-18T12:12:16.101Z","level":"info","message":"Request received","method":"GET","service":"user-service","url":"/api-docs/swagger-ui-bundle.js"}
{"date":"2023-03-18T12:12:16.104Z","level":"info","message":"Request received","method":"GET","service":"user-service","url":"/api-docs/swagger-ui-init.js"}
{"date":"2023-03-18T12:12:16.472Z","level":"info","message":"Request received","method":"GET","service":"user-service","url":"/api-docs/favicon-32x32.png"}
{"date":"2023-03-18T12:13:28.892Z","level":"info","message":"Request received","method":"GET","service":"user-service","url":"/api-docs/favicon-32x32.png"}
{"date":"2023-03-18T12:13:28.921Z","level":"info","message":"Request received","method":"GET","service":"user-service","url":"/api-docs/"}
{"date":"2023-03-18T12:13:29.107Z","level":"info","message":"Request received","method":"GET","service":"user-service","url":"/api-docs/swagger-ui.css"}
{"date":"2023-03-18T12:13:29.117Z","level":"info","message":"Request received","method":"GET","service":"user-service","url":"/api-docs/swagger-ui-bundle.js"}
{"date":"2023-03-18T12:13:29.121Z","level":"info","message":"Request received","method":"GET","service":"user-service","url":"/api-docs/swagger-ui-standalone-preset.js"}
{"date":"2023-03-18T12:13:29.123Z","level":"info","message":"Request received","method":"GET","service":"user-service","url":"/api-docs/swagger-ui-init.js"}
{"date":"2023-03-18T12:13:32.976Z","level":"info","message":"Request received","method":"GET","service":"user-service","url":"/api-docs/"}
{"date":"2023-03-18T12:13:33.029Z","level":"info","message":"Request received","method":"GET","service":"user-service","url":"/api-docs/swagger-ui.css"}
{"date":"2023-03-18T12:13:33.040Z","level":"info","message":"Request received","method":"GET","service":"user-service","url":"/api-docs/swagger-ui-bundle.js"}
{"date":"2023-03-18T12:13:33.049Z","level":"info","message":"Request received","method":"GET","service":"user-service","url":"/api-docs/swagger-ui-standalone-preset.js"}
{"date":"2023-03-18T12:13:33.056Z","level":"info","message":"Request received","method":"GET","service":"user-service","url":"/api-docs/swagger-ui-init.js"}
{"date":"2023-03-18T12:13:33.422Z","level":"info","message":"Request received","method":"GET","service":"user-service","url":"/api-docs/favicon-32x32.png"}
{"date":"2023-03-18T12:13:56.838Z","level":"info","message":"Request received","method":"GET","service":"user-service","url":"/api-docs/"}
{"date":"2023-03-18T12:13:56.912Z","level":"info","message":"Request received","method":"GET","service":"user-service","url":"/api-docs/swagger-ui.css"}
{"date":"2023-03-18T12:13:56.930Z","level":"info","message":"Request received","method":"GET","service":"user-service","url":"/api-docs/swagger-ui-bundle.js"}
{"date":"2023-03-18T12:13:56.937Z","level":"info","message":"Request received","method":"GET","service":"user-service","url":"/api-docs/swagger-ui-init.js"}
{"date":"2023-03-18T12:13:56.942Z","level":"info","message":"Request received","method":"GET","service":"user-service","url":"/api-docs/swagger-ui-standalone-preset.js"}
{"date":"2023-03-18T12:13:57.288Z","level":"info","message":"Request received","method":"GET","service":"user-service","url":"/api-docs/favicon-32x32.png"}
{"date":"2023-03-18T12:14:06.576Z","level":"info","message":"Request received","method":"GET","service":"user-service","url":"/api-docs/"}
{"date":"2023-03-18T12:14:06.625Z","level":"info","message":"Request received","method":"GET","service":"user-service","url":"/api-docs/swagger-ui.css"}
{"date":"2023-03-18T12:14:06.631Z","level":"info","message":"Request received","method":"GET","service":"user-service","url":"/api-docs/swagger-ui-bundle.js"}
{"date":"2023-03-18T12:14:06.646Z","level":"info","message":"Request received","method":"GET","service":"user-service","url":"/api-docs/swagger-ui-standalone-preset.js"}
{"date":"2023-03-18T12:14:06.657Z","level":"info","message":"Request received","method":"GET","service":"user-service","url":"/api-docs/swagger-ui-init.js"}
{"date":"2023-03-18T12:14:06.947Z","level":"info","message":"Request received","method":"GET","service":"user-service","url":"/api-docs/favicon-32x32.png"}
{"date":"2023-03-18T12:14:40.464Z","level":"info","message":"Request received","method":"GET","service":"user-service","url":"/api-docs/"}
{"date":"2023-03-18T12:14:40.572Z","level":"info","message":"Request received","method":"GET","service":"user-service","url":"/api-docs/swagger-ui.css"}
{"date":"2023-03-18T12:14:40.578Z","level":"info","message":"Request received","method":"GET","service":"user-service","url":"/api-docs/swagger-ui-bundle.js"}
{"date":"2023-03-18T12:14:40.586Z","level":"info","message":"Request received","method":"GET","service":"user-service","url":"/api-docs/swagger-ui-standalone-preset.js"}
{"date":"2023-03-18T12:14:40.609Z","level":"info","message":"Request received","method":"GET","service":"user-service","url":"/api-docs/swagger-ui-init.js"}
{"date":"2023-03-18T12:14:41.266Z","level":"info","message":"Request received","method":"GET","service":"user-service","url":"/api-docs/favicon-32x32.png"}
{"date":"2023-03-18T12:29:00.797Z","level":"info","message":"Request received","method":"GET","service":"user-service","url":"/"}
{"date":"2023-03-18T12:30:38.116Z","level":"info","message":"Request received","method":"GET","service":"user-service","url":"/"}
{"date":"2023-03-18T12:38:23.451Z","level":"info","message":"Request received","method":"GET","service":"user-service","url":"/api-docs/"}
{"date":"2023-12-28T07:32:28.304Z","level":"info","message":"Request received","method":"POST","service":"user-service","url":"/login"}
{"date":"2023-12-28T07:35:01.612Z","level":"info","message":"Request received","method":"POST","service":"user-service","url":"/login"}
{"date":"2023-12-28T07:42:31.939Z","level":"info","message":"Request received","method":"POST","service":"user-service","url":"/auth/login"}
{"date":"2023-12-28T07:42:32.166Z","level":"error","message":"Invalid credentials","method":"POST","service":"user-service","url":"/login"}
{"date":"2023-12-28T07:47:30.272Z","level":"info","message":"Request received","method":"POST","service":"user-service","url":"/login"}
{"date":"2023-12-28T07:47:30.279Z","level":"error","message":"The Requested Route localhost/login Not Found","method":"POST","service":"user-service","url":"/login"}
{"date":"2025-12-31T18:39:31.644Z","level":"info","message":"Request received","method":"POST","service":"user-service","url":"/api/auth/login"}
{"date":"2025-12-31T18:39:31.655Z","level":"error","message":"The Requested Route localhost/api/auth/login Not Found","method":"POST","service":"user-service","url":"/api/auth/login"}
{"date":"2025-12-31T18:43:35.127Z","level":"info","message":"Request received","method":"POST","service":"user-service","url":"/auth/login"}
{"date":"2025-12-31T18:43:35.509Z","level":"error","message":"Email not verified","method":"POST","service":"user-service","url":"/login"}
{"date":"2025-12-31T18:47:17.041Z","level":"info","message":"Request received","method":"POST","service":"user-service","url":"/auth/login"}
{"date":"2025-12-31T18:47:17.443Z","level":"error","message":"Email not verified","method":"POST","service":"user-service","url":"/login"}
{"date":"2025-12-31T18:48:18.669Z","level":"info","message":"Request received","method":"POST","service":"user-service","url":"/auth/login"}
{"date":"2025-12-31T18:59:05.595Z","level":"info","message":"Request received","method":"POST","service":"user-service","url":"/auth/login"}
{"date":"2025-12-31T18:59:05.969Z","level":"error","message":"Email not verified","method":"POST","service":"user-service","url":"/login"}
{"date":"2025-12-31T18:59:41.575Z","level":"info","message":"Request received","method":"POST","service":"user-service","url":"/auth/login"}
{"date":"2025-12-31T18:59:41.768Z","level":"error","message":"User does not exist","service":"user-service"}
{"date":"2025-12-31T18:59:41.777Z","level":"error","message":"Invalid status code: IncomingMessage {\n  _events: [Object],\n  _readableState: [ReadableState],\n  _maxListeners: undefined,\n  socket: [Socket],\n  httpVersionMajor: 1,\n  httpVersionMinor: 1,\n  httpVersion: '1.1',\n  complete: true,\n  rawHeaders: [Array],\n  rawTrailers: [],\n  joinDuplicateHeaders: null,\n  aborted: false,\n  upgrade: false,\n  url: '/login',\n  method: 'POST',\n  statusCode: null,\n  statusMessage: null,\n  client: [Socket],\n  _consuming: true,\n  _dumped: false,\n  next: [Function: next],\n  baseUrl: '/auth',\n  originalUrl: '/auth/login',\n  _parsedUrl: [Url],\n  params: {},\n  query: {},\n  res: [ServerResponse],\n  body: [Object],\n  _body: true,\n  length: undefined,\n  _eventsCount: 0,\n  route: [Route],\n  [Symbol(shapeMode)]: true,\n  [Symbol(kCapture)]: false,\n  [Symbol(kHeaders)]: [Object],\n  [Symbol(kHeadersCount)]: 16,\n  [Symbol(kTrailers)]: null,\n  [Symbol(kTrailersCount)]: 0\n}","method":"POST","service":"user-service","url":"/login"}
{"date":"2025-12-31T18:59:59.700Z","level":"info","message":"Request received","method":"POST","service":"user-service","url":"/auth/login"}
{"date":"2025-12-31T19:00:01.878Z","level":"error","message":"User does not exist","service":"user-service"}
{"date":"2025-12-31T19:00:01.886Z","level":"error","message":"Invalid status code: IncomingMessage {\n  _events: [Object],\n  _readableState: [ReadableState],\n  _maxListeners: undefined,\n  socket: [Socket],\n  httpVersionMajor: 1,\n  httpVersionMinor: 1,\n  httpVersion: '1.1',\n  complete: true,\n  rawHeaders: [Array],\n  rawTrailers: [],\n  joinDuplicateHeaders: null,\n  aborted: false,\n  upgrade: false,\n  url: '/login',\n  method: 'POST',\n  statusCode: null,\n  statusMessage: null,\n  client: [Socket],\n  _consuming: true,\n  _dumped: false,\n  next: [Function: next],\n  baseUrl: '/auth',\n  originalUrl: '/auth/login',\n  _parsedUrl: [Url],\n  params: {},\n  query: {},\n  res: [ServerResponse],\n  body: [Object],\n  _body: true,\n  length: undefined,\n  _eventsCount: 0,\n  route: [Route],\n  [Symbol(shapeMode)]: true,\n  [Symbol(kCapture)]: false,\n  [Symbol(kHeaders)]: [Object],\n  [Symbol(kHeadersCount)]: 16,\n  [Symbol(kTrailers)]: null,\n  [Symbol(kTrailersCount)]: 0\n}","method":"POST","service":"user-service","url":"/login"}
{"date":"2025-12-31T19:00:12.548Z","level":"info","message":"Request received","method":"POST","service":"user-service","url":"/auth/login"}
{"date":"2025-12-31T19:00:12.786Z","level":"error","message":"User does not exist","service":"user-service"}
{"date":"2025-12-31T19:00:12.795Z","level":"error","message":"Invalid status code: IncomingMessage {\n  _events: [Object],\n  _readableState: [ReadableState],\n  _maxListeners: undefined,\n  socket: [Socket],\n  httpVersionMajor: 1,\n  httpVersionMinor: 1,\n  httpVersion: '1.1',\n  complete: true,\n  rawHeaders: [Array],\n  rawTrailers: [],\n  joinDuplicateHeaders: null,\n  aborted: false,\n  upgrade: false,\n  url: '/login',\n  method: 'POST',\n  statusCode: null,\n  statusMessage: null,\n  client: [Socket],\n  _consuming: true,\n  _dumped: false,\n  next: [Function: next],\n  baseUrl: '/auth',\n  originalUrl: '/auth/login',\n  _parsedUrl: [Url],\n  params: {},\n  query: {},\n  res: [ServerResponse],\n  body: [Object],\n  _body: true,\n  length: undefined,\n  _eventsCount: 0,\n  route: [Route],\n  [Symbol(shapeMode)]: true,\n  [Symbol(kCapture)]: false,\n  [Symbol(kHeaders)]: [Object],\n  [Symbol(kHeadersCount)]: 16,\n  [Symbol(kTrailers)]: null,\n  [Symbol(kTrailersCount)]: 0\n}","method":"POST","service":"user-service","url":"/login"}
{"date":"2025-12-31T19:00:15.587Z","level":"info","message":"Request received","method":"POST","service":"user-service","url":"/auth/login"}
{"date":"2025-12-31T19:00:15.745Z","level":"error","message":"User does not exist","service":"user-service"}
{"date":"2025-12-31T19:00:15.749Z","level":"error","message":"Invalid status code: IncomingMessage {\n  _events: [Object],\n  _readableState: [ReadableState],\n  _maxListeners: undefined,\n  socket: [Socket],\n  httpVersionMajor: 1,\n  httpVersionMinor: 1,\n  httpVersion: '1.1',\n  complete: true,\n  rawHeaders: [Array],\n  rawTrailers: [],\n  joinDuplicateHeaders: null,\n  aborted: false,\n  upgrade: false,\n  url: '/login',\n  method: 'POST',\n  statusCode: null,\n  statusMessage: null,\n  client: [Socket],\n  _consuming: true,\n  _dumped: false,\n  next: [Function: next],\n  baseUrl: '/auth',\n  originalUrl: '/auth/login',\n  _parsedUrl: [Url],\n  params: {},\n  query: {},\n  res: [ServerResponse],\n  body: [Object],\n  _body: true,\n  length: undefined,\n  _eventsCount: 0,\n  route: [Route],\n  [Symbol(shapeMode)]: true,\n  [Symbol(kCapture)]: false,\n  [Symbol(kHeaders)]: [Object],\n  [Symbol(kHeadersCount)]: 16,\n  [Symbol(kTrailers)]: null,\n  [Symbol(kTrailersCount)]: 0\n}","method":"POST","service":"user-service","url":"/login"}
{"date":"2025-12-31T19:00:25.934Z","level":"info","message":"Request received","method":"POST","service":"user-service","url":"/auth/login"}
{"date":"2025-12-31T19:00:26.093Z","level":"error","message":"User does not exist","service":"user-service"}
{"date":"2025-12-31T19:00:26.095Z","level":"error","message":"Invalid status code: IncomingMessage {\n  _events: [Object],\n  _readableState: [ReadableState],\n  _maxListeners: undefined,\n  socket: [Socket],\n  httpVersionMajor: 1,\n  httpVersionMinor: 1,\n  httpVersion: '1.1',\n  complete: true,\n  rawHeaders: [Array],\n  rawTrailers: [],\n  joinDuplicateHeaders: null,\n  aborted: false,\n  upgrade: false,\n  url: '/login',\n  method: 'POST',\n  statusCode: null,\n  statusMessage: null,\n  client: [Socket],\n  _consuming: true,\n  _dumped: false,\n  next: [Function: next],\n  baseUrl: '/auth',\n  originalUrl: '/auth/login',\n  _parsedUrl: [Url],\n  params: {},\n  query: {},\n  res: [ServerResponse],\n  body: [Object],\n  _body: true,\n  length: undefined,\n  _eventsCount: 0,\n  route: [Route],\n  [Symbol(shapeMode)]: true,\n  [Symbol(kCapture)]: false,\n  [Symbol(kHeaders)]: [Object],\n  [Symbol(kHeadersCount)]: 16,\n  [Symbol(kTrailers)]: null,\n  [Symbol(kTrailersCount)]: 0\n}","method":"POST","service":"user-service","url":"/login"}
{"date":"2025-12-31T19:01:51.254Z","level":"info","message":"Request received","method":"POST","service":"user-service","url":"/auth/login"}
{"date":"2025-12-31T19:01:51.430Z","level":"error","message":"User does not exist","service":"user-service"}
{"date":"2025-12-31T19:01:51.438Z","level":"error","message":"Invalid status code: IncomingMessage {\n  _events: [Object],\n  _readableState: [ReadableState],\n  _maxListeners: undefined,\n  socket: [Socket],\n  httpVersionMajor: 1,\n  httpVersionMinor: 1,\n  httpVersion: '1.1',\n  complete: true,\n  rawHeaders: [Array],\n  rawTrailers: [],\n  joinDuplicateHeaders: null,\n  aborted: false,\n  upgrade: false,\n  url: '/login',\n  method: 'POST',\n  statusCode: null,\n  statusMessage: null,\n  client: [Socket],\n  _consuming: true,\n  _dumped: false,\n  next: [Function: next],\n  baseUrl: '/auth',\n  originalUrl: '/auth/login',\n  _parsedUrl: [Url],\n  params: {},\n  query: {},\n  res: [ServerResponse],\n  body: [Object],\n  _body: true,\n  length: undefined,\n  _eventsCount: 0,\n  route: [Route],\n  [Symbol(shapeMode)]: true,\n  [Symbol(kCapture)]: false,\n  [Symbol(kHeaders)]: [Object],\n  [Symbol(kHeadersCount)]: 16,\n  [Symbol(kTrailers)]: null,\n  [Symbol(kTrailersCount)]: 0\n}","method":"POST","service":"user-service","url":"/login"}
{"date":"2025-12-31T19:07:48.482Z","level":"info","message":"Request received","method":"POST","service":"user-service","url":"/auth/login"}
{"date":"2025-12-31T19:07:48.666Z","level":"error","message":"User does not exist","method":"POST","service":"user-service","url":"/login"}
{"date":"2025-12-31T19:13:32.612Z","level":"info","message":"Request received","method":"POST","service":"user-service","url":"/auth/register"}
{"date":"2025-12-31T19:13:32.856Z","level":"error","message":"User validation failed: name: Path `name` is required.","method":"POST","service":"user-service","url":"/register"}
{"date":"2025-12-31T19:15:53.500Z","level":"info","message":"Request received","method":"POST","service":"user-service","url":"/auth/register"}
{"date":"2025-12-31T19:16:49.339Z","level":"info","message":"Request received","method":"POST","service":"user-service","url":"/auth/login"}
